<?xml version="1.0" encoding="UTF-8"?>
<testsuite xmlns:xsi="http://www.w3.org/2001/XMLSchema-instance" xsi:noNamespaceSchemaLocation="https://maven.apache.org/surefire/maven-surefire-plugin/xsd/surefire-test-report-3.0.xsd" version="3.0" name="TestSuite" time="31.331" tests="4" errors="0" skipped="0" failures="0">
  <properties>
[...]
</properties>
  <testcase name="validLinks" classname="E2EProject.HomePageTest" time="11.884">
    <system-out><![CDATA[WebBrowser from maven property is chromeheadless
WebBrowser from maven property is chromeheadless
driver started
driver started
22:01:38.669 [TestNG-tests-2] INFO  E2EProject.LoginPageTest - driverinitiation done
22:01:38.765 [TestNG-tests-1] INFO  E2EProject.HomePageTest - driverinitiation done
entered in to getProperty method
entered in to getProperty method
entered in to getLoginbutton method
title is#1 Free CRM customer relationship management software cloud
entered in to getAboutbutton method
entered in to getForgotPassword method
entered in to getemail method
entered in to getRestButton method
entered in to getnavigationBar method
22:01:50.376 [TestNG-tests-1] INFO  E2EProject.LandingPage - navigation done
]]></system-out>
    <system-err><![CDATA[Starting ChromeDriver 92.0.4515.43 (8c61b7e2989f2990d42f859cac71319137787cce-refs/branch-heads/4515@{#306}) on port 10022
Only local connections are allowed.
Please see https://chromedriver.chromium.org/security-considerations for suggestions on keeping ChromeDriver safe.
ChromeDriver was started successfully.
Starting ChromeDriver 92.0.4515.43 (8c61b7e2989f2990d42f859cac71319137787cce-refs/branch-heads/4515@{#306}) on port 44857
Only local connections are allowed.
Please see https://chromedriver.chromium.org/security-considerations for suggestions on keeping ChromeDriver safe.
ChromeDriver was started successfully.
Aug 01, 2021 10:01:37 PM org.openqa.selenium.remote.ProtocolHandshake createSession
INFO: Detected dialect: W3C
Aug 01, 2021 10:01:38 PM org.openqa.selenium.remote.ProtocolHandshake createSession
INFO: Detected dialect: W3C
Aug 01, 2021 10:01:38 PM org.openqa.selenium.devtools.CdpVersionFinder findNearestMatch
WARNING: Unable to find an exact match for CDP version 92, so returning the closest version found: 91
Aug 01, 2021 10:01:38 PM org.openqa.selenium.devtools.CdpVersionFinder findNearestMatch
INFO: Found CDP implementation for version 92 of 91
Aug 01, 2021 10:01:38 PM org.openqa.selenium.devtools.CdpVersionFinder findNearestMatch
WARNING: Unable to find an exact match for CDP version 92, so returning the closest version found: 91
Aug 01, 2021 10:01:38 PM org.openqa.selenium.devtools.CdpVersionFinder findNearestMatch
INFO: Found CDP implementation for version 92 of 91
]]></system-err>
  </testcase>
  <testcase name="forgotPassword" classname="E2EProject.LoginPageTest" time="12.06"/>
  <testcase name="loginAction[nonrestricteduser@gmail.com, password1](1)" classname="E2EProject.LoginPageTest" time="5.642">
    <system-out><![CDATA[PASSED: validLinks

===============================================
    HOme Page Test Validations
    Tests run: 1, Failures: 0, Skips: 0
===============================================

entered in to getLoginbutton method
entered in to getemail method
entered in to getpassword method
entered in to getSubmit method
]]></system-out>
  </testcase>
  <testcase name="loginAction[restricteduser@gmail.com, password2](2)" classname="E2EProject.LoginPageTest" time="4.935">
    <system-out><![CDATA[entered in to getLoginbutton method
entered in to getemail method
entered in to getpassword method
entered in to getSubmit method
]]></system-out>
  </testcase>
</testsuite>