<?xml version="1.0" encoding="UTF-8"?>
<!-- Generated by org.testng.reporters.JUnitXMLReporter -->
<testsuite hostname="LAPTOP-6A33R9HV" ignored="0" tests="6" failures="0" timestamp="2021-07-15T15:24:17 PDT" time="0.089" errors="0">
  <testcase name="AppiumTest" time="0.013" classname="AppiumTest"/>
  <testcase name="IOSApps" time="0.0" classname="AppiumTest"/>
  <testcase name="BrowserAutomation" time="0.0" classname="SeleniumSampleTest"/>
  <testcase name="elementsUI" time="0.001" classname="SeleniumSampleTest"/>
  <testcase name="deleteTwitter" time="0.0" classname="RestAPITest"/>
  <testcase name="postjira" time="0.001" classname="RestAPITest"/>
</testsuite>
