<?xml version="1.0" encoding="UTF-8"?>
<!-- Generated by org.testng.reporters.JUnitXMLReporter -->
<testsuite hostname="LAPTOP-6A33R9HV" ignored="0" tests="4" failures="0" timestamp="2021-07-15T15:31:31 PDT" time="0.094" errors="0">
  <testcase name="AppiumTest" time="0.014" classname="AppiumTest"/>
  <testcase name="IOSApps" time="0.001" classname="AppiumTest"/>
  <testcase name="BrowserAutomation" time="0.001" classname="SeleniumSampleTest"/>
  <testcase name="elementsUI" time="0.002" classname="SeleniumSampleTest"/>
</testsuite>
