<?xml version="1.0" encoding="UTF-8"?>
<testng-results skipped="0" failed="0" ignored="0" total="7" passed="7">
  <reporter-output>
  </reporter-output>
  <suite name="Command line suite" duration-ms="1719" started-at="2021-07-21T14:05:31 PDT" finished-at="2021-07-21T14:05:32 PDT">
    <groups>
    </groups>
    <test name="Command line test" duration-ms="1719" started-at="2021-07-21T14:05:31 PDT" finished-at="2021-07-21T14:05:32 PDT">
      <class name="AppiumTest">
        <test-method status="PASS" signature="AppiumTest()[pri:0, instance:AppiumTest@5bcea91b]" name="AppiumTest" duration-ms="15" started-at="2021-07-21T14:05:31 PDT" finished-at="2021-07-21T14:05:31 PDT">
          <reporter-output>
          </reporter-output>
        </test-method> <!-- AppiumTest -->
        <test-method status="PASS" signature="IOSApps()[pri:0, instance:AppiumTest@5bcea91b]" name="IOSApps" duration-ms="0" started-at="2021-07-21T14:05:31 PDT" finished-at="2021-07-21T14:05:31 PDT">
          <reporter-output>
          </reporter-output>
        </test-method> <!-- IOSApps -->
      </class> <!-- AppiumTest -->
      <class name="SeleniumSampleTest">
        <test-method status="PASS" signature="BrowserAutomation()[pri:0, instance:SeleniumSampleTest@77ec78b9]" name="BrowserAutomation" duration-ms="0" started-at="2021-07-21T14:05:32 PDT" finished-at="2021-07-21T14:05:32 PDT">
          <reporter-output>
          </reporter-output>
        </test-method> <!-- BrowserAutomation -->
        <test-method status="PASS" signature="elementsUI()[pri:0, instance:SeleniumSampleTest@77ec78b9]" name="elementsUI" duration-ms="0" started-at="2021-07-21T14:05:32 PDT" finished-at="2021-07-21T14:05:32 PDT">
          <reporter-output>
          </reporter-output>
        </test-method> <!-- elementsUI -->
      </class> <!-- SeleniumSampleTest -->
      <class name="ExcelDataDrivenTestCase">
        <test-method status="PASS" signature="dataTestcase()[pri:0, instance:ExcelDataDrivenTestCase@7a3d45bd]" name="dataTestcase" duration-ms="1631" started-at="2021-07-21T14:05:31 PDT" finished-at="2021-07-21T14:05:32 PDT">
          <reporter-output>
          </reporter-output>
        </test-method> <!-- dataTestcase -->
      </class> <!-- ExcelDataDrivenTestCase -->
      <class name="RestAPITest">
        <test-method status="PASS" signature="deleteTwitter()[pri:0, instance:RestAPITest@1e7c7811]" name="deleteTwitter" duration-ms="0" started-at="2021-07-21T14:05:32 PDT" finished-at="2021-07-21T14:05:32 PDT">
          <reporter-output>
          </reporter-output>
        </test-method> <!-- deleteTwitter -->
        <test-method status="PASS" signature="postjira()[pri:0, instance:RestAPITest@1e7c7811]" name="postjira" duration-ms="0" started-at="2021-07-21T14:05:32 PDT" finished-at="2021-07-21T14:05:32 PDT">
          <reporter-output>
          </reporter-output>
        </test-method> <!-- postjira -->
      </class> <!-- RestAPITest -->
    </test> <!-- Command line test -->
  </suite> <!-- Command line suite -->
</testng-results>
