<?xml version="1.0" encoding="UTF-8"?>
<!-- Generated by org.testng.reporters.JUnitXMLReporter -->
<testsuite hostname="LAPTOP-6A33R9HV" ignored="0" name="Login Page Test Validations" tests="3" failures="0" timestamp="2021-08-01T22:02:02 PDT" time="28.556" errors="0">
  <testcase name="forgotPassword" time="12.136" classname="E2EProject.LoginPageTest"/>
  <testcase name="loginAction" time="5.64" classname="E2EProject.LoginPageTest"/>
  <testcase name="loginAction" time="4.935" classname="E2EProject.LoginPageTest"/>
</testsuite> <!-- Login Page Test Validations -->
