<?xml version="1.0" encoding="UTF-8"?>
<!-- Generated by org.testng.reporters.JUnitXMLReporter -->
<testsuite hostname="LAPTOP-6A33R9HV" ignored="0" tests="7" failures="0" timestamp="2021-07-21T14:05:33 PDT" time="1.719" errors="0">
  <testcase name="AppiumTest" time="0.015" classname="AppiumTest"/>
  <testcase name="IOSApps" time="0.0" classname="AppiumTest"/>
  <testcase name="dataTestcase" time="1.631" classname="ExcelDataDrivenTestCase"/>
  <testcase name="deleteTwitter" time="0.0" classname="RestAPITest"/>
  <testcase name="postjira" time="0.0" classname="RestAPITest"/>
  <testcase name="BrowserAutomation" time="0.0" classname="SeleniumSampleTest"/>
  <testcase name="elementsUI" time="0.0" classname="SeleniumSampleTest"/>
</testsuite>
